<?xml version="1.0" encoding="UTF-8"?>
<testsuite name="com.libreria.nacional.runners.RegisterRunner" tests="0" skipped="0" failures="0" errors="0" timestamp="1970-01-01T00:00:00" hostname="NEMI" time="0.0">
  <properties/>
  <system-out><![CDATA[
1 Scenarios (?[32m1 passed?[0m)
4 Steps (?[32m4 passed?[0m)
0m12.989s

]]></system-out>
  <system-err><![CDATA[[Test worker] INFO net.thucydides.core.steps.ConsoleLoggingListener - Test Suite Started: Registration in Librería Nacional
[Test worker] INFO net.thucydides.core.steps.ConsoleLoggingListener - 
 _____ _____ ____ _____   ____ _____  _    ____ _____ _____ ____  
|_   _| ____/ ___|_   _| / ___|_   _|/ \  |  _ \_   _| ____|  _ \ 
  | | |  _| \___ \ | |   \___ \ | | / _ \ | |_) || | |  _| | | | |
  | | | |___ ___) || |    ___) || |/ ___ \|  _ < | | | |___| |_| |
  |_| |_____|____/ |_|   |____/ |_/_/   \_\_| \_\|_| |_____|____/ 
                                                                  

TEST STARTED: Failed registration
-------------------------------------------------------------------(registration-in-librería-nacional;failed-registration)
]]></system-err>
</testsuite>
